TN:
SF:cvx/bson/__init__.py
DA:14,1,P9OCYzowZfT6lUJSptVKXA
LF:1
LH:1
end_of_record
TN:
SF:cvx/bson/dataclass.py
DA:14,1,7HpIEQVf5K0efdTzo05mJg
DA:15,1,gGTQvjsCFZRTAK01JA8k5Q
DA:17,1,GN2Ut+XEQMpq/l3L6sZvmQ
DA:20,1,/S8d/HVFLOL/gTU2e/TkhA
DA:21,1,lPNW8tBy1OvvWSLUUoTeIg
DA:22,1,capckQOvTuO30d1Uj0KaNA
DA:23,1,4uklB2ReWLQa6KnFyCyjsw
DA:25,1,Nnqu9X+lU2lagW39QNhFWA
DA:26,1,2gd5IG+gIy1sTIeiOn8JXA
DA:27,1,abYYyO7cI33+ZYg+diipLA
DA:28,1,1+wF/kEup1DtRvdSKdvs3w
DA:30,1,Nnqu9X+lU2lagW39QNhFWA
DA:31,1,V1TgI7p4CtwFM2E/J5PgIg
DA:32,1,yWJ47HisNmEnwFtdc0lnCQ
DA:34,1,lwGok3WPq69cKVVOyXFajA
DA:35,0,JUUefyKemRgN5etBrLfitg
LF:16
LH:15
end_of_record
TN:
SF:cvx/bson/file.py
DA:14,1,1+9wdnNK6ERHmSA06tdyPQ
DA:17,1,ydCxunymauVRdfWlNGpIBA
DA:19,1,AdJ0LhNy3y1/GMcd5VoGvQ
DA:20,1,1XNcXEDXqfTbenzzNDTbwg
DA:22,1,bRij6NQYbl39KYWy3WGPEw
DA:23,1,wbex0Ytf94b7jE0u9OATig
DA:26,1,wx2LtGJUStCDSsKpVmTMEw
DA:28,1,xpNdxJWR32JexNQxiuharQ
DA:29,1,aBHfmoi1/M8CB/liSiMa+A
DA:31,1,iil06h8TA12IRYztTTsbTg
DA:32,1,1sKIUb97pajR+bPI/5Ry+Q
DA:33,1,dceL4xTjlXjoFJuC9QK9/Q
DA:36,1,00IdeZvUIbVuQm1FeaZ5nw
DA:48,1,XZHyhrCWiwi0B/4XAI4ftw
DA:50,1,WMCetM0pxTuwLUqou0hHMw
DA:53,1,XBJotpIrkIVwPbikzBT5fg
DA:61,1,6HWCh9kczpNb9bW+SGfBDA
DA:62,1,PO1JCkQMi26hG6J6M6BYpg
DA:65,1,G2evOO+v9PEIZuas1p+GYw
DA:72,1,UauXnpuFWZB8oome2oi+tg
DA:75,1,l7uHUnC/LtRtfYnet99w1A
DA:77,1,jHY/VluFlf9Kmqp/cESabA
LF:22
LH:22
end_of_record
TN:
SF:cvx/bson/io.py
DA:14,1,OaTlemF3bXMi5MP7Db8vkQ
DA:15,1,FIaPSuhjB2V2soaEKef+Vg
DA:16,1,pj17/LYj7+SgP7JoaeusMw
DA:18,1,IWWjrCeOtk8NNtrE95++2g
DA:19,1,wbex0Ytf94b7jE0u9OATig
DA:20,1,SPnOaTOyvWX7oGdFd2truQ
DA:21,1,sYVUB9JqsE5XMAP89VC51g
DA:24,1,H6lAQscK+lHcZhx2+iWqCw
DA:33,1,lZ6M76QuK33BuicKzAdnWA
DA:34,1,rSr3WwEBOFTRR+SkfEepdg
DA:35,1,OSXi7wUfm9lsQinDUFQIPg
DA:36,1,3ttR+DxXyJrSUTH+PoIH5Q
DA:37,1,u9gy6uq06NntKpKQXjNX0Q
DA:39,1,zwqL1/4c+RviqpHiEWwVVA
DA:40,1,9Pl6tCp2kTkJjHPlFsleyw
DA:42,1,NTBZa5CuaVmxTjB/buay2g
DA:43,1,GURgJamhM6DdhA18GSdMKA
DA:44,1,84Oj/03FAv4hKrfd2ggM2g
DA:45,1,HsHkgLgZmHy+z4IVIBpbOw
DA:60,1,8X1H5dIh69nNBT35FaJA5A
DA:71,1,87bbWQRGqKDtyygAMDGVHQ
DA:74,1,ncl7I3WzN+Cx9kB5/OGFDw
DA:75,1,YrjChanIM+OaA48zGpUKfw
DA:78,1,+ud6nXgAmhwMZGPLN3k4dg
DA:79,1,vDkY4FKz171+6zx4bMGIPw
DA:81,1,i4/7U5A1iNQ7vbXHcOV/vg
DA:85,1,HJdgFbgcw6PLDYlNMa5DPQ
DA:47,0,nsRXehtnVNE9n2rcoywAeg
DA:48,0,ocOKbIGB9DnQuY2fSUmj2g
DA:49,0,H6beO3x084Gp4rI2D/dRrg
DA:82,0,Fc06B/2JEVMRVkoeozDg1A
LF:31
LH:27
end_of_record
TN:
SF:cvx/data/__init__.py
LF:0
LH:0
end_of_record
TN:
SF:cvx/data/render.py
DA:14,0,JTYW8io/RmaL0VfvJAvlwg
DA:15,0,6vWAvNsegNqafFN4IKLrhg
DA:17,0,QwxHupkoBtGrYutfnbgfEQ
DA:20,0,N5rwsK5r046NyPkYI4pQgg
DA:25,0,ecYL9iPiJN8+COu75rnezg
DA:28,0,m8qj+Fy2zeeO4WKk8mS26A
DA:31,0,PSUdZk/5Iy5wrWEbyFyyxw
LF:7
LH:0
end_of_record
TN:
SF:cvx/json/__init__.py
DA:14,1,fytsurAVrcfSANxELkGNCw
LF:1
LH:1
end_of_record
TN:
SF:cvx/json/file.py
DA:14,1,1+9wdnNK6ERHmSA06tdyPQ
DA:17,1,OaTlemF3bXMi5MP7Db8vkQ
DA:18,1,uYlHIi0mTBSL5NfNWzJlIg
DA:19,1,AdJ0LhNy3y1/GMcd5VoGvQ
DA:20,1,1XNcXEDXqfTbenzzNDTbwg
DA:22,1,IWWjrCeOtk8NNtrE95++2g
DA:23,1,bRij6NQYbl39KYWy3WGPEw
DA:24,1,LDdEw9O0e96rYPD+rItaVQ
DA:27,1,wx2LtGJUStCDSsKpVmTMEw
DA:29,1,iil06h8TA12IRYztTTsbTg
DA:30,1,QRPZIFRrKPpt7Dxtvdkelg
DA:31,1,/don7T/ndOsCcYx1MvlfJw
DA:34,1,orqL9/rAGUYHIuDu73IWgw
DA:36,1,PzeXunZkoCfTJ4iJe9sbrg
DA:37,1,tp0xHaqKkK++dlj6Kv035Q
DA:38,1,zN6tlphmWvJOZFjmNXBoYw
DA:39,1,iep13B6Bly1O9+sabCVQ2Q
DA:40,1,d18AmJF9Rqzt5d4lskcQAA
DA:41,1,Nl32IFpQw2JABHBs9ZnhTQ
DA:43,1,67Xv2r6uSa+HGk1mpUSq2w
DA:45,1,RGM770oADryGLfvmpp5svQ
DA:48,1,ji2v4Tu4PyEBKOZZqOVY8Q
DA:50,1,vH0t++9/nB89kdzpZ6WFQQ
DA:51,1,aCkhantOZ/blRCP1huVFwQ
LF:24
LH:24
end_of_record
