SF:cvx/bson/__init__.py
DA:14,1
LF:1
LH:1
end_of_record
SF:cvx/bson/dataclass.py
DA:14,1
DA:15,1
DA:17,1
DA:20,1
DA:21,1
DA:22,1
DA:23,1
DA:25,1
DA:26,1
DA:27,1
DA:28,1
DA:30,1
DA:31,1
DA:32,1
DA:34,1
DA:35,0
LF:16
LH:15
FN:22,23,Data.to_bson
FNDA:1,Data.to_bson
FN:26,28,Data.from_bson
FNDA:1,Data.from_bson
FN:31,32,Data.keys
FNDA:1,Data.keys
FN:34,35,Data.items
FNDA:0,Data.items
FNF:4
FNH:3
end_of_record
SF:cvx/bson/file.py
DA:17,1
DA:19,1
DA:20,1
DA:22,1
DA:23,1
DA:26,1
DA:28,1
DA:30,1
DA:32,1
DA:33,1
DA:34,1
DA:37,1
DA:49,1
DA:51,1
DA:54,1
DA:62,1
DA:63,1
DA:66,1
DA:73,1
DA:76,1
DA:78,1
LF:21
LH:21
FN:37,51,read_bson
FNDA:1,read_bson
FN:54,63,write_bson
FNDA:1,write_bson
FN:66,73,to_bson
FNDA:1,to_bson
FN:76,78,from_bson
FNDA:1,from_bson
FNF:4
FNH:4
end_of_record
SF:cvx/bson/io.py
DA:14,1
DA:15,1
DA:16,1
DA:18,1
DA:19,1
DA:20,1
DA:21,1
DA:24,1
DA:33,1
DA:34,1
DA:35,1
DA:36,1
DA:37,1
DA:39,1
DA:40,1
DA:42,1
DA:43,1
DA:44,1
DA:45,1
DA:47,0
DA:48,0
DA:49,0
DA:60,1
DA:71,1
DA:74,1
DA:75,1
DA:78,1
DA:79,1
DA:81,1
DA:82,0
DA:85,1
LF:31
LH:27
FN:24,49,encode
FNDA:1,encode
FN:60,85,decode
FNDA:1,decode
FNF:2
FNH:2
end_of_record
SF:cvx/json/__init__.py
DA:14,1
LF:1
LH:1
end_of_record
SF:cvx/json/file.py
DA:17,1
DA:18,1
DA:19,1
DA:20,1
DA:22,1
DA:23,1
DA:26,1
DA:28,1
DA:30,1
DA:31,1
DA:32,1
DA:35,1
DA:37,1
DA:38,1
DA:39,1
DA:40,1
DA:41,1
DA:42,1
DA:44,1
DA:46,1
DA:49,1
DA:51,1
DA:52,1
LF:23
LH:23
FN:35,46,read_json
FNDA:1,read_json
FN:49,52,write_json
FNDA:1,write_json
FNF:2
FNH:2
end_of_record
SF:cvx/json/numpyencoder.py
DA:14,1
DA:16,1
DA:19,1
DA:22,1
DA:23,1
DA:39,0
DA:41,1
DA:42,0
DA:44,1
DA:45,0
DA:47,1
DA:48,1
DA:50,0
DA:51,0
DA:53,0
DA:54,0
DA:56,0
LF:17
LH:9
FN:22,56,NumpyEncoder.default
FNDA:1,NumpyEncoder.default
FNF:1
FNH:1
end_of_record
