TN:
SF:cvx/bson/__init__.py
DA:14,1,apMzMb1sDP+oIsoUQmY7LA
LF:1
LH:1
end_of_record
TN:
SF:cvx/bson/file.py
DA:14,1,1+9wdnNK6ERHmSA06tdyPQ
DA:17,1,ydCxunymauVRdfWlNGpIBA
DA:19,1,AdJ0LhNy3y1/GMcd5VoGvQ
DA:20,1,1XNcXEDXqfTbenzzNDTbwg
DA:22,1,bRij6NQYbl39KYWy3WGPEw
DA:23,1,sYVUB9JqsE5XMAP89VC51g
DA:26,1,wx2LtGJUStCDSsKpVmTMEw
DA:28,1,xpNdxJWR32JexNQxiuharQ
DA:31,1,iil06h8TA12IRYztTTsbTg
DA:32,1,QRPZIFRrKPpt7Dxtvdkelg
DA:33,1,dceL4xTjlXjoFJuC9QK9/Q
DA:36,1,00IdeZvUIbVuQm1FeaZ5nw
DA:48,1,XZHyhrCWiwi0B/4XAI4ftw
DA:50,1,WMCetM0pxTuwLUqou0hHMw
DA:53,1,XBJotpIrkIVwPbikzBT5fg
DA:61,1,E+lcUlHkdpKcnLZy7sTDvw
DA:62,1,6HWCh9kczpNb9bW+SGfBDA
DA:63,1,YFjn5jYcv9Ndxq8CJ3ofkQ
DA:66,1,G2evOO+v9PEIZuas1p+GYw
DA:74,1,TTGyqXpPlqln1o3+cfvm2A
DA:75,1,OSXi7wUfm9lsQinDUFQIPg
DA:76,1,3ttR+DxXyJrSUTH+PoIH5Q
DA:77,1,u9gy6uq06NntKpKQXjNX0Q
DA:79,1,TZWGy7Pxtmw0RvgsJZGeGg
DA:89,1,l7uHUnC/LtRtfYnet99w1A
DA:91,1,ZiEMzfFd6HKpCzzbmBVW9A
DA:94,1,Yz262ZM5EMplDiB2OxASow
LF:27
LH:27
end_of_record
TN:
SF:cvx/json/__init__.py
DA:14,1,fytsurAVrcfSANxELkGNCw
LF:1
LH:1
end_of_record
TN:
SF:cvx/json/file.py
DA:14,1,1+9wdnNK6ERHmSA06tdyPQ
DA:17,1,OaTlemF3bXMi5MP7Db8vkQ
DA:18,1,uYlHIi0mTBSL5NfNWzJlIg
DA:19,1,AdJ0LhNy3y1/GMcd5VoGvQ
DA:20,1,1XNcXEDXqfTbenzzNDTbwg
DA:22,1,IWWjrCeOtk8NNtrE95++2g
DA:23,1,bRij6NQYbl39KYWy3WGPEw
DA:24,1,LDdEw9O0e96rYPD+rItaVQ
DA:27,1,wx2LtGJUStCDSsKpVmTMEw
DA:29,1,iil06h8TA12IRYztTTsbTg
DA:30,1,QRPZIFRrKPpt7Dxtvdkelg
DA:31,1,/don7T/ndOsCcYx1MvlfJw
DA:34,1,orqL9/rAGUYHIuDu73IWgw
DA:36,1,PzeXunZkoCfTJ4iJe9sbrg
DA:37,1,tp0xHaqKkK++dlj6Kv035Q
DA:38,1,zN6tlphmWvJOZFjmNXBoYw
DA:39,1,iep13B6Bly1O9+sabCVQ2Q
DA:40,1,d18AmJF9Rqzt5d4lskcQAA
DA:41,1,Nl32IFpQw2JABHBs9ZnhTQ
DA:43,1,67Xv2r6uSa+HGk1mpUSq2w
DA:45,1,RGM770oADryGLfvmpp5svQ
DA:48,1,ji2v4Tu4PyEBKOZZqOVY8Q
DA:50,1,vH0t++9/nB89kdzpZ6WFQQ
DA:51,1,aCkhantOZ/blRCP1huVFwQ
LF:24
LH:24
end_of_record
