{"meta": {"version": "7.3.1", "timestamp": "2023-09-09T03:47:48.438709", "branch_coverage": false, "show_contexts": false}, "files": {"cvx/bson/__init__.py": {"executed_lines": [14], "summary": {"covered_lines": 1, "num_statements": 1, "percent_covered": 100.0, "percent_covered_display": "100", "missing_lines": 0, "excluded_lines": 0}, "missing_lines": [], "excluded_lines": []}, "cvx/bson/file.py": {"executed_lines": [14, 17, 19, 20, 22, 23, 26, 28, 31, 32, 33, 36, 48, 50, 53, 61, 62, 63, 66, 74, 75, 76, 77, 79, 89, 91, 94], "summary": {"covered_lines": 27, "num_statements": 27, "percent_covered": 100.0, "percent_covered_display": "100", "missing_lines": 0, "excluded_lines": 0}, "missing_lines": [], "excluded_lines": []}, "cvx/json/__init__.py": {"executed_lines": [14], "summary": {"covered_lines": 1, "num_statements": 1, "percent_covered": 100.0, "percent_covered_display": "100", "missing_lines": 0, "excluded_lines": 0}, "missing_lines": [], "excluded_lines": []}, "cvx/json/file.py": {"executed_lines": [14, 17, 18, 19, 20, 22, 23, 24, 27, 29, 30, 31, 34, 36, 37, 38, 39, 40, 41, 43, 45, 48, 50, 51], "summary": {"covered_lines": 24, "num_statements": 24, "percent_covered": 100.0, "percent_covered_display": "100", "missing_lines": 0, "excluded_lines": 0}, "missing_lines": [], "excluded_lines": []}}, "totals": {"covered_lines": 53, "num_statements": 53, "percent_covered": 100.0, "percent_covered_display": "100", "missing_lines": 0, "excluded_lines": 0}}