{"meta": {"version": "7.3.4", "timestamp": "2023-12-22T17:18:31.989497", "branch_coverage": false, "show_contexts": false}, "files": {"cvx/bson/__init__.py": {"executed_lines": [14], "summary": {"covered_lines": 1, "num_statements": 1, "percent_covered": 100.0, "percent_covered_display": "100", "missing_lines": 0, "excluded_lines": 0}, "missing_lines": [], "excluded_lines": []}, "cvx/bson/dataclass.py": {"executed_lines": [14, 15, 17, 20, 21, 22, 23, 25, 26, 27, 28, 30, 31, 32, 34], "summary": {"covered_lines": 15, "num_statements": 16, "percent_covered": 93.75, "percent_covered_display": "94", "missing_lines": 1, "excluded_lines": 0}, "missing_lines": [35], "excluded_lines": []}, "cvx/bson/file.py": {"executed_lines": [14, 17, 19, 20, 22, 23, 26, 28, 29, 31, 32, 33, 36, 48, 50, 53, 61, 62, 65, 72, 75, 77], "summary": {"covered_lines": 22, "num_statements": 22, "percent_covered": 100.0, "percent_covered_display": "100", "missing_lines": 0, "excluded_lines": 0}, "missing_lines": [], "excluded_lines": []}, "cvx/bson/io.py": {"executed_lines": [14, 15, 17, 18, 19, 20, 23, 32, 33, 34, 35, 36, 38, 39, 41, 42, 43, 44, 46, 49, 60, 63, 64, 67, 68, 71], "summary": {"covered_lines": 26, "num_statements": 26, "percent_covered": 100.0, "percent_covered_display": "100", "missing_lines": 0, "excluded_lines": 0}, "missing_lines": [], "excluded_lines": []}, "cvx/json/__init__.py": {"executed_lines": [14], "summary": {"covered_lines": 1, "num_statements": 1, "percent_covered": 100.0, "percent_covered_display": "100", "missing_lines": 0, "excluded_lines": 0}, "missing_lines": [], "excluded_lines": []}, "cvx/json/file.py": {"executed_lines": [14, 17, 18, 19, 20, 22, 23, 24, 27, 29, 30, 31, 34, 36, 37, 38, 39, 40, 41, 43, 45, 48, 50, 51], "summary": {"covered_lines": 24, "num_statements": 24, "percent_covered": 100.0, "percent_covered_display": "100", "missing_lines": 0, "excluded_lines": 0}, "missing_lines": [], "excluded_lines": []}}, "totals": {"covered_lines": 89, "num_statements": 90, "percent_covered": 98.88888888888889, "percent_covered_display": "99", "missing_lines": 1, "excluded_lines": 0}}